<?xml version="1.0" encoding="UTF-8"?>
<!-- Generated by org.testng.reporters.JUnitXMLReporter -->
<testsuite ignored="0" hostname="DESKTOP-PRQ128L" failures="0" tests="159" name="Default test" time="747.013" errors="0" timestamp="2021-06-18T10:35:58 IST">
  <testcase classname="testsuite.HtmlValidationProdURL" name="code" time="10.036"/>
  <testcase classname="testsuite.HtmlValidationProdURL" name="code" time="6.052"/>
  <testcase classname="testsuite.HtmlValidationProdURL" name="code" time="7.203"/>
  <testcase classname="testsuite.HtmlValidationProdURL" name="code" time="4.733"/>
  <testcase classname="testsuite.HtmlValidationProdURL" name="code" time="4.657"/>
  <testcase classname="testsuite.HtmlValidationProdURL" name="code" time="4.315"/>
  <testcase classname="testsuite.HtmlValidationProdURL" name="code" time="3.568"/>
  <testcase classname="testsuite.HtmlValidationProdURL" name="code" time="4.023"/>
  <testcase classname="testsuite.HtmlValidationProdURL" name="code" time="6.641"/>
  <testcase classname="testsuite.HtmlValidationProdURL" name="code" time="7.778"/>
  <testcase classname="testsuite.HtmlValidationProdURL" name="code" time="6.057"/>
  <testcase classname="testsuite.HtmlValidationProdURL" name="code" time="7.497"/>
  <testcase classname="testsuite.HtmlValidationProdURL" name="code" time="4.915"/>
  <testcase classname="testsuite.HtmlValidationProdURL" name="code" time="7.756"/>
  <testcase classname="testsuite.HtmlValidationProdURL" name="code" time="6.052"/>
  <testcase classname="testsuite.HtmlValidationProdURL" name="code" time="5.729"/>
  <testcase classname="testsuite.HtmlValidationProdURL" name="code" time="4.227"/>
  <testcase classname="testsuite.HtmlValidationProdURL" name="code" time="4.695"/>
  <testcase classname="testsuite.HtmlValidationProdURL" name="code" time="10.252"/>
  <testcase classname="testsuite.HtmlValidationProdURL" name="code" time="5.185"/>
  <testcase classname="testsuite.HtmlValidationProdURL" name="code" time="3.703"/>
  <testcase classname="testsuite.HtmlValidationProdURL" name="code" time="3.977"/>
  <testcase classname="testsuite.HtmlValidationProdURL" name="code" time="4.793"/>
  <testcase classname="testsuite.HtmlValidationProdURL" name="code" time="5.953"/>
  <testcase classname="testsuite.HtmlValidationProdURL" name="code" time="3.44"/>
  <testcase classname="testsuite.HtmlValidationProdURL" name="code" time="2.936"/>
  <testcase classname="testsuite.HtmlValidationProdURL" name="code" time="4.921"/>
  <testcase classname="testsuite.HtmlValidationProdURL" name="code" time="5.251"/>
  <testcase classname="testsuite.HtmlValidationProdURL" name="code" time="5.131"/>
  <testcase classname="testsuite.HtmlValidationProdURL" name="code" time="4.712"/>
  <testcase classname="testsuite.HtmlValidationProdURL" name="code" time="4.69"/>
  <testcase classname="testsuite.HtmlValidationProdURL" name="code" time="5.433"/>
  <testcase classname="testsuite.HtmlValidationProdURL" name="code" time="6.086"/>
  <testcase classname="testsuite.HtmlValidationProdURL" name="code" time="4.822"/>
  <testcase classname="testsuite.HtmlValidationProdURL" name="code" time="6.729"/>
  <testcase classname="testsuite.HtmlValidationProdURL" name="code" time="5.912"/>
  <testcase classname="testsuite.HtmlValidationProdURL" name="code" time="8.457"/>
  <testcase classname="testsuite.HtmlValidationProdURL" name="code" time="7.205"/>
  <testcase classname="testsuite.HtmlValidationProdURL" name="code" time="8.168"/>
  <testcase classname="testsuite.HtmlValidationProdURL" name="code" time="8.236"/>
  <testcase classname="testsuite.HtmlValidationProdURL" name="code" time="7.379"/>
  <testcase classname="testsuite.HtmlValidationProdURL" name="code" time="5.653"/>
  <testcase classname="testsuite.HtmlValidationProdURL" name="code" time="5.183"/>
  <testcase classname="testsuite.HtmlValidationProdURL" name="code" time="4.978"/>
  <testcase classname="testsuite.HtmlValidationProdURL" name="code" time="5.268"/>
  <testcase classname="testsuite.HtmlValidationProdURL" name="code" time="4.7"/>
  <testcase classname="testsuite.HtmlValidationProdURL" name="code" time="3.896"/>
  <testcase classname="testsuite.HtmlValidationProdURL" name="code" time="3.503"/>
  <testcase classname="testsuite.HtmlValidationProdURL" name="code" time="5.439"/>
  <testcase classname="testsuite.HtmlValidationProdURL" name="code" time="14.734"/>
  <testcase classname="testsuite.HtmlValidationProdURL" name="code" time="4.548"/>
  <testcase classname="testsuite.HtmlValidationProdURL" name="code" time="3.406"/>
  <testcase classname="testsuite.HtmlValidationProdURL" name="code" time="5.787"/>
  <testcase classname="testsuite.HtmlValidationProdURL" name="code" time="3.691"/>
  <testcase classname="testsuite.HtmlValidationProdURL" name="code" time="3.447"/>
  <testcase classname="testsuite.HtmlValidationProdURL" name="code" time="3.393"/>
  <testcase classname="testsuite.HtmlValidationProdURL" name="code" time="5.952"/>
  <testcase classname="testsuite.HtmlValidationProdURL" name="code" time="3.713"/>
  <testcase classname="testsuite.HtmlValidationProdURL" name="code" time="4.968"/>
  <testcase classname="testsuite.HtmlValidationProdURL" name="code" time="6.154"/>
  <testcase classname="testsuite.HtmlValidationProdURL" name="code" time="3.58"/>
  <testcase classname="testsuite.HtmlValidationProdURL" name="code" time="3.491"/>
  <testcase classname="testsuite.HtmlValidationProdURL" name="code" time="3.66"/>
  <testcase classname="testsuite.HtmlValidationProdURL" name="code" time="3.327"/>
  <testcase classname="testsuite.HtmlValidationProdURL" name="code" time="3.609"/>
  <testcase classname="testsuite.HtmlValidationProdURL" name="code" time="3.471"/>
  <testcase classname="testsuite.HtmlValidationProdURL" name="code" time="3.398"/>
  <testcase classname="testsuite.HtmlValidationProdURL" name="code" time="3.471"/>
  <testcase classname="testsuite.HtmlValidationProdURL" name="code" time="4.01"/>
  <testcase classname="testsuite.HtmlValidationProdURL" name="code" time="7.823"/>
  <testcase classname="testsuite.HtmlValidationProdURL" name="code" time="8.076"/>
  <testcase classname="testsuite.HtmlValidationProdURL" name="code" time="5.98"/>
  <testcase classname="testsuite.HtmlValidationProdURL" name="code" time="5.625"/>
  <testcase classname="testsuite.HtmlValidationProdURL" name="code" time="5.938"/>
  <testcase classname="testsuite.HtmlValidationProdURL" name="code" time="5.466"/>
  <testcase classname="testsuite.HtmlValidationProdURL" name="code" time="4.433"/>
  <testcase classname="testsuite.HtmlValidationProdURL" name="code" time="4.663"/>
  <testcase classname="testsuite.HtmlValidationProdURL" name="code" time="3.467"/>
  <testcase classname="testsuite.HtmlValidationProdURL" name="code" time="3.32"/>
  <testcase classname="testsuite.HtmlValidationProdURL" name="code" time="3.4"/>
  <testcase classname="testsuite.HtmlValidationProdURL" name="code" time="3.503"/>
  <testcase classname="testsuite.HtmlValidationProdURL" name="code" time="3.593"/>
  <testcase classname="testsuite.HtmlValidationProdURL" name="code" time="3.366"/>
  <testcase classname="testsuite.HtmlValidationProdURL" name="code" time="3.491"/>
  <testcase classname="testsuite.HtmlValidationProdURL" name="code" time="3.648"/>
  <testcase classname="testsuite.HtmlValidationProdURL" name="code" time="3.476"/>
  <testcase classname="testsuite.HtmlValidationProdURL" name="code" time="3.703"/>
  <testcase classname="testsuite.HtmlValidationProdURL" name="code" time="3.45"/>
  <testcase classname="testsuite.HtmlValidationProdURL" name="code" time="3.569"/>
  <testcase classname="testsuite.HtmlValidationProdURL" name="code" time="6.103"/>
  <testcase classname="testsuite.HtmlValidationProdURL" name="code" time="4.482"/>
  <testcase classname="testsuite.HtmlValidationProdURL" name="code" time="3.888"/>
  <testcase classname="testsuite.HtmlValidationProdURL" name="code" time="3.22"/>
  <testcase classname="testsuite.HtmlValidationProdURL" name="code" time="3.626"/>
  <testcase classname="testsuite.HtmlValidationProdURL" name="code" time="3.597"/>
  <testcase classname="testsuite.HtmlValidationProdURL" name="code" time="3.591"/>
  <testcase classname="testsuite.HtmlValidationProdURL" name="code" time="3.671"/>
  <testcase classname="testsuite.HtmlValidationProdURL" name="code" time="4.718"/>
  <testcase classname="testsuite.HtmlValidationProdURL" name="code" time="5.782"/>
  <testcase classname="testsuite.HtmlValidationProdURL" name="code" time="5.219"/>
  <testcase classname="testsuite.HtmlValidationProdURL" name="code" time="5.348"/>
  <testcase classname="testsuite.HtmlValidationProdURL" name="code" time="4.177"/>
  <testcase classname="testsuite.HtmlValidationProdURL" name="code" time="3.186"/>
  <testcase classname="testsuite.HtmlValidationProdURL" name="code" time="5.238"/>
  <testcase classname="testsuite.HtmlValidationProdURL" name="code" time="4.818"/>
  <testcase classname="testsuite.HtmlValidationProdURL" name="code" time="4.285"/>
  <testcase classname="testsuite.HtmlValidationProdURL" name="code" time="3.665"/>
  <testcase classname="testsuite.HtmlValidationProdURL" name="code" time="3.401"/>
  <testcase classname="testsuite.HtmlValidationProdURL" name="code" time="3.194"/>
  <testcase classname="testsuite.HtmlValidationProdURL" name="code" time="3.206"/>
  <testcase classname="testsuite.HtmlValidationProdURL" name="code" time="3.15"/>
  <testcase classname="testsuite.HtmlValidationProdURL" name="code" time="3.128"/>
  <testcase classname="testsuite.HtmlValidationProdURL" name="code" time="3.28"/>
  <testcase classname="testsuite.HtmlValidationProdURL" name="code" time="3.144"/>
  <testcase classname="testsuite.HtmlValidationProdURL" name="code" time="3.155"/>
  <testcase classname="testsuite.HtmlValidationProdURL" name="code" time="3.938"/>
  <testcase classname="testsuite.HtmlValidationProdURL" name="code" time="3.11"/>
  <testcase classname="testsuite.HtmlValidationProdURL" name="code" time="3.208"/>
  <testcase classname="testsuite.HtmlValidationProdURL" name="code" time="3.445"/>
  <testcase classname="testsuite.HtmlValidationProdURL" name="code" time="3.341"/>
  <testcase classname="testsuite.HtmlValidationProdURL" name="code" time="3.141"/>
  <testcase classname="testsuite.HtmlValidationProdURL" name="code" time="3.147"/>
  <testcase classname="testsuite.HtmlValidationProdURL" name="code" time="3.312"/>
  <testcase classname="testsuite.HtmlValidationProdURL" name="code" time="3.312"/>
  <testcase classname="testsuite.HtmlValidationProdURL" name="code" time="3.19"/>
  <testcase classname="testsuite.HtmlValidationProdURL" name="code" time="5.856"/>
  <testcase classname="testsuite.HtmlValidationProdURL" name="code" time="6.637"/>
  <testcase classname="testsuite.HtmlValidationProdURL" name="code" time="5.316"/>
  <testcase classname="testsuite.HtmlValidationProdURL" name="code" time="5.779"/>
  <testcase classname="testsuite.HtmlValidationProdURL" name="code" time="6.658"/>
  <testcase classname="testsuite.HtmlValidationProdURL" name="code" time="6.295"/>
  <testcase classname="testsuite.HtmlValidationProdURL" name="code" time="4.303"/>
  <testcase classname="testsuite.HtmlValidationProdURL" name="code" time="4.449"/>
  <testcase classname="testsuite.HtmlValidationProdURL" name="code" time="3.667"/>
  <testcase classname="testsuite.HtmlValidationProdURL" name="code" time="3.942"/>
  <testcase classname="testsuite.HtmlValidationProdURL" name="code" time="3.94"/>
  <testcase classname="testsuite.HtmlValidationProdURL" name="code" time="3.634"/>
  <testcase classname="testsuite.HtmlValidationProdURL" name="code" time="3.778"/>
  <testcase classname="testsuite.HtmlValidationProdURL" name="code" time="3.812"/>
  <testcase classname="testsuite.HtmlValidationProdURL" name="code" time="3.591"/>
  <testcase classname="testsuite.HtmlValidationProdURL" name="code" time="3.447"/>
  <testcase classname="testsuite.HtmlValidationProdURL" name="code" time="3.643"/>
  <testcase classname="testsuite.HtmlValidationProdURL" name="code" time="3.951"/>
  <testcase classname="testsuite.HtmlValidationProdURL" name="code" time="3.865"/>
  <testcase classname="testsuite.HtmlValidationProdURL" name="code" time="3.287"/>
  <testcase classname="testsuite.HtmlValidationProdURL" name="code" time="3.169"/>
  <testcase classname="testsuite.HtmlValidationProdURL" name="code" time="3.382"/>
  <testcase classname="testsuite.HtmlValidationProdURL" name="code" time="4.002"/>
  <testcase classname="testsuite.HtmlValidationProdURL" name="code" time="3.629"/>
  <testcase classname="testsuite.HtmlValidationProdURL" name="code" time="3.882"/>
  <testcase classname="testsuite.HtmlValidationProdURL" name="code" time="3.921"/>
  <testcase classname="testsuite.HtmlValidationProdURL" name="code" time="3.883"/>
  <testcase classname="testsuite.HtmlValidationProdURL" name="code" time="3.647"/>
  <testcase classname="testsuite.HtmlValidationProdURL" name="code" time="3.593"/>
  <testcase classname="testsuite.HtmlValidationProdURL" name="code" time="3.865"/>
  <testcase classname="testsuite.HtmlValidationProdURL" name="code" time="3.706"/>
  <testcase classname="testsuite.HtmlValidationProdURL" name="code" time="3.715"/>
  <testcase classname="testsuite.HtmlValidationProdURL" name="code" time="4.179"/>
  <testcase classname="testsuite.HtmlValidationProdURL" name="code" time="3.586"/>
</testsuite> <!-- Default test -->
