<?xml version="1.0" encoding="UTF-8"?>
<testng-results ignored="0" total="159" passed="159" failed="0" skipped="0">
  <reporter-output>
  </reporter-output>
  <suite started-at="2021-06-18T10:23:31 IST" name="Default suite" finished-at="2021-06-18T10:35:58 IST" duration-ms="747013">
    <groups>
    </groups>
    <test started-at="2021-06-18T10:23:31 IST" name="Default test" finished-at="2021-06-18T10:35:58 IST" duration-ms="747013">
      <class name="testsuite.HtmlValidationProdURL">
        <test-method is-config="true" signature="setup()[pri:0, instance:testsuite.HtmlValidationProdURL@161479c6]" started-at="2021-06-18T10:23:31 IST" name="setup" finished-at="2021-06-18T10:23:34 IST" duration-ms="2848" status="PASS">
          <reporter-output>
          </reporter-output>
        </test-method> <!-- setup -->
        <test-method signature="code(java.lang.String)[pri:0, instance:testsuite.HtmlValidationProdURL@161479c6]" started-at="2021-06-18T10:23:34 IST" name="code" data-provider="excelData" finished-at="2021-06-18T10:23:44 IST" duration-ms="10036" status="PASS">
          <params>
            <param index="0">
              <value>
                <![CDATA[https://www.carandbike.com/new-cars]]>
              </value>
            </param>
          </params>
          <reporter-output>
          </reporter-output>
        </test-method> <!-- code -->
        <test-method signature="code(java.lang.String)[pri:0, instance:testsuite.HtmlValidationProdURL@161479c6]" started-at="2021-06-18T10:23:44 IST" name="code" data-provider="excelData" finished-at="2021-06-18T10:23:50 IST" duration-ms="6052" status="PASS">
          <params>
            <param index="0">
              <value>
                <![CDATA[https://www.carandbike.com/new-cars/models]]>
              </value>
            </param>
          </params>
          <reporter-output>
          </reporter-output>
        </test-method> <!-- code -->
        <test-method signature="code(java.lang.String)[pri:0, instance:testsuite.HtmlValidationProdURL@161479c6]" started-at="2021-06-18T10:23:50 IST" name="code" data-provider="excelData" finished-at="2021-06-18T10:23:57 IST" duration-ms="7203" status="PASS">
          <params>
            <param index="0">
              <value>
                <![CDATA[https://www.carandbike.com/compare-cars]]>
              </value>
            </param>
          </params>
          <reporter-output>
          </reporter-output>
        </test-method> <!-- code -->
        <test-method signature="code(java.lang.String)[pri:0, instance:testsuite.HtmlValidationProdURL@161479c6]" started-at="2021-06-18T10:23:57 IST" name="code" data-provider="excelData" finished-at="2021-06-18T10:24:02 IST" duration-ms="4733" status="PASS">
          <params>
            <param index="0">
              <value>
                <![CDATA[https://www.carandbike.com/upcoming-cars]]>
              </value>
            </param>
          </params>
          <reporter-output>
          </reporter-output>
        </test-method> <!-- code -->
        <test-method signature="code(java.lang.String)[pri:0, instance:testsuite.HtmlValidationProdURL@161479c6]" started-at="2021-06-18T10:24:02 IST" name="code" data-provider="excelData" finished-at="2021-06-18T10:24:07 IST" duration-ms="4657" status="PASS">
          <params>
            <param index="0">
              <value>
                <![CDATA[https://www.carandbike.com/new-cars/launches]]>
              </value>
            </param>
          </params>
          <reporter-output>
          </reporter-output>
        </test-method> <!-- code -->
        <test-method signature="code(java.lang.String)[pri:0, instance:testsuite.HtmlValidationProdURL@161479c6]" started-at="2021-06-18T10:24:07 IST" name="code" data-provider="excelData" finished-at="2021-06-18T10:24:11 IST" duration-ms="4315" status="PASS">
          <params>
            <param index="0">
              <value>
                <![CDATA[https://www.carandbike.com/research/monthly-payments]]>
              </value>
            </param>
          </params>
          <reporter-output>
          </reporter-output>
        </test-method> <!-- code -->
        <test-method signature="code(java.lang.String)[pri:0, instance:testsuite.HtmlValidationProdURL@161479c6]" started-at="2021-06-18T10:24:11 IST" name="code" data-provider="excelData" finished-at="2021-06-18T10:24:15 IST" duration-ms="3568" status="PASS">
          <params>
            <param index="0">
              <value>
                <![CDATA[https://www.carandbike.com/research/recommend-cars]]>
              </value>
            </param>
          </params>
          <reporter-output>
          </reporter-output>
        </test-method> <!-- code -->
        <test-method signature="code(java.lang.String)[pri:0, instance:testsuite.HtmlValidationProdURL@161479c6]" started-at="2021-06-18T10:24:15 IST" name="code" data-provider="excelData" finished-at="2021-06-18T10:24:19 IST" duration-ms="4023" status="PASS">
          <params>
            <param index="0">
              <value>
                <![CDATA[https://www.carandbike.com/research/cost-to-own]]>
              </value>
            </param>
          </params>
          <reporter-output>
          </reporter-output>
        </test-method> <!-- code -->
        <test-method signature="code(java.lang.String)[pri:0, instance:testsuite.HtmlValidationProdURL@161479c6]" started-at="2021-06-18T10:24:19 IST" name="code" data-provider="excelData" finished-at="2021-06-18T10:24:25 IST" duration-ms="6641" status="PASS">
          <params>
            <param index="0">
              <value>
                <![CDATA[https://www.carandbike.com/research/affordable-cars]]>
              </value>
            </param>
          </params>
          <reporter-output>
          </reporter-output>
        </test-method> <!-- code -->
        <test-method signature="code(java.lang.String)[pri:0, instance:testsuite.HtmlValidationProdURL@161479c6]" started-at="2021-06-18T10:24:25 IST" name="code" data-provider="excelData" finished-at="2021-06-18T10:24:33 IST" duration-ms="7778" status="PASS">
          <params>
            <param index="0">
              <value>
                <![CDATA[https://www.carandbike.com/car-dealers]]>
              </value>
            </param>
          </params>
          <reporter-output>
          </reporter-output>
        </test-method> <!-- code -->
        <test-method signature="code(java.lang.String)[pri:0, instance:testsuite.HtmlValidationProdURL@161479c6]" started-at="2021-06-18T10:24:33 IST" name="code" data-provider="excelData" finished-at="2021-06-18T10:24:39 IST" duration-ms="6057" status="PASS">
          <params>
            <param index="0">
              <value>
                <![CDATA[https://www.carandbike.com/new-cars/cars-under-3-lakh]]>
              </value>
            </param>
          </params>
          <reporter-output>
          </reporter-output>
        </test-method> <!-- code -->
        <test-method signature="code(java.lang.String)[pri:0, instance:testsuite.HtmlValidationProdURL@161479c6]" started-at="2021-06-18T10:24:39 IST" name="code" data-provider="excelData" finished-at="2021-06-18T10:24:47 IST" duration-ms="7497" status="PASS">
          <params>
            <param index="0">
              <value>
                <![CDATA[https://www.carandbike.com/new-cars/cars-under-4-lakh]]>
              </value>
            </param>
          </params>
          <reporter-output>
          </reporter-output>
        </test-method> <!-- code -->
        <test-method signature="code(java.lang.String)[pri:0, instance:testsuite.HtmlValidationProdURL@161479c6]" started-at="2021-06-18T10:24:47 IST" name="code" data-provider="excelData" finished-at="2021-06-18T10:24:52 IST" duration-ms="4915" status="PASS">
          <params>
            <param index="0">
              <value>
                <![CDATA[https://www.carandbike.com/used/cars-for-sale]]>
              </value>
            </param>
          </params>
          <reporter-output>
          </reporter-output>
        </test-method> <!-- code -->
        <test-method signature="code(java.lang.String)[pri:0, instance:testsuite.HtmlValidationProdURL@161479c6]" started-at="2021-06-18T10:24:52 IST" name="code" data-provider="excelData" finished-at="2021-06-18T10:24:59 IST" duration-ms="7756" status="PASS">
          <params>
            <param index="0">
              <value>
                <![CDATA[https://www.carandbike.com/used/sell-cars]]>
              </value>
            </param>
          </params>
          <reporter-output>
          </reporter-output>
        </test-method> <!-- code -->
        <test-method signature="code(java.lang.String)[pri:0, instance:testsuite.HtmlValidationProdURL@161479c6]" started-at="2021-06-18T10:24:59 IST" name="code" data-provider="excelData" finished-at="2021-06-18T10:25:05 IST" duration-ms="6052" status="PASS">
          <params>
            <param index="0">
              <value>
                <![CDATA[https://www.carandbike.com/used/car-valuation-price-calculator]]>
              </value>
            </param>
          </params>
          <reporter-output>
          </reporter-output>
        </test-method> <!-- code -->
        <test-method signature="code(java.lang.String)[pri:0, instance:testsuite.HtmlValidationProdURL@161479c6]" started-at="2021-06-18T10:25:05 IST" name="code" data-provider="excelData" finished-at="2021-06-18T10:25:11 IST" duration-ms="5729" status="PASS">
          <params>
            <param index="0">
              <value>
                <![CDATA[https://www.carandbike.com/used/want-cars]]>
              </value>
            </param>
          </params>
          <reporter-output>
          </reporter-output>
        </test-method> <!-- code -->
        <test-method signature="code(java.lang.String)[pri:0, instance:testsuite.HtmlValidationProdURL@161479c6]" started-at="2021-06-18T10:25:11 IST" name="code" data-provider="excelData" finished-at="2021-06-18T10:25:15 IST" duration-ms="4227" status="PASS">
          <params>
            <param index="0">
              <value>
                <![CDATA[https://www.carandbike.com/new-bikes]]>
              </value>
            </param>
          </params>
          <reporter-output>
          </reporter-output>
        </test-method> <!-- code -->
        <test-method signature="code(java.lang.String)[pri:0, instance:testsuite.HtmlValidationProdURL@161479c6]" started-at="2021-06-18T10:25:15 IST" name="code" data-provider="excelData" finished-at="2021-06-18T10:25:20 IST" duration-ms="4695" status="PASS">
          <params>
            <param index="0">
              <value>
                <![CDATA[https://www.carandbike.com/new-bikes/models]]>
              </value>
            </param>
          </params>
          <reporter-output>
          </reporter-output>
        </test-method> <!-- code -->
        <test-method signature="code(java.lang.String)[pri:0, instance:testsuite.HtmlValidationProdURL@161479c6]" started-at="2021-06-18T10:25:20 IST" name="code" data-provider="excelData" finished-at="2021-06-18T10:25:30 IST" duration-ms="10252" status="PASS">
          <params>
            <param index="0">
              <value>
                <![CDATA[https://www.carandbike.com/compare-bikes]]>
              </value>
            </param>
          </params>
          <reporter-output>
          </reporter-output>
        </test-method> <!-- code -->
        <test-method signature="code(java.lang.String)[pri:0, instance:testsuite.HtmlValidationProdURL@161479c6]" started-at="2021-06-18T10:25:30 IST" name="code" data-provider="excelData" finished-at="2021-06-18T10:25:35 IST" duration-ms="5185" status="PASS">
          <params>
            <param index="0">
              <value>
                <![CDATA[https://www.carandbike.com/upcoming-bikes]]>
              </value>
            </param>
          </params>
          <reporter-output>
          </reporter-output>
        </test-method> <!-- code -->
        <test-method signature="code(java.lang.String)[pri:0, instance:testsuite.HtmlValidationProdURL@161479c6]" started-at="2021-06-18T10:25:35 IST" name="code" data-provider="excelData" finished-at="2021-06-18T10:25:39 IST" duration-ms="3703" status="PASS">
          <params>
            <param index="0">
              <value>
                <![CDATA[https://www.carandbike.com/new-bikes/launches]]>
              </value>
            </param>
          </params>
          <reporter-output>
          </reporter-output>
        </test-method> <!-- code -->
        <test-method signature="code(java.lang.String)[pri:0, instance:testsuite.HtmlValidationProdURL@161479c6]" started-at="2021-06-18T10:25:39 IST" name="code" data-provider="excelData" finished-at="2021-06-18T10:25:43 IST" duration-ms="3977" status="PASS">
          <params>
            <param index="0">
              <value>
                <![CDATA[https://www.carandbike.com/research/bike-emi-calculator]]>
              </value>
            </param>
          </params>
          <reporter-output>
          </reporter-output>
        </test-method> <!-- code -->
        <test-method signature="code(java.lang.String)[pri:0, instance:testsuite.HtmlValidationProdURL@161479c6]" started-at="2021-06-18T10:25:43 IST" name="code" data-provider="excelData" finished-at="2021-06-18T10:25:48 IST" duration-ms="4793" status="PASS">
          <params>
            <param index="0">
              <value>
                <![CDATA[https://www.carandbike.com/research/affordable-bikes]]>
              </value>
            </param>
          </params>
          <reporter-output>
          </reporter-output>
        </test-method> <!-- code -->
        <test-method signature="code(java.lang.String)[pri:0, instance:testsuite.HtmlValidationProdURL@161479c6]" started-at="2021-06-18T10:25:48 IST" name="code" data-provider="excelData" finished-at="2021-06-18T10:25:54 IST" duration-ms="5953" status="PASS">
          <params>
            <param index="0">
              <value>
                <![CDATA[https://www.carandbike.com/bike-dealers]]>
              </value>
            </param>
          </params>
          <reporter-output>
          </reporter-output>
        </test-method> <!-- code -->
        <test-method signature="code(java.lang.String)[pri:0, instance:testsuite.HtmlValidationProdURL@161479c6]" started-at="2021-06-18T10:25:54 IST" name="code" data-provider="excelData" finished-at="2021-06-18T10:25:57 IST" duration-ms="3440" status="PASS">
          <params>
            <param index="0">
              <value>
                <![CDATA[https://www.carandbike.com/used/bikes-for-sale]]>
              </value>
            </param>
          </params>
          <reporter-output>
          </reporter-output>
        </test-method> <!-- code -->
        <test-method signature="code(java.lang.String)[pri:0, instance:testsuite.HtmlValidationProdURL@161479c6]" started-at="2021-06-18T10:25:57 IST" name="code" data-provider="excelData" finished-at="2021-06-18T10:26:00 IST" duration-ms="2936" status="PASS">
          <params>
            <param index="0">
              <value>
                <![CDATA[https://www.carandbike.com/used/sell-bikes]]>
              </value>
            </param>
          </params>
          <reporter-output>
          </reporter-output>
        </test-method> <!-- code -->
        <test-method signature="code(java.lang.String)[pri:0, instance:testsuite.HtmlValidationProdURL@161479c6]" started-at="2021-06-18T10:26:00 IST" name="code" data-provider="excelData" finished-at="2021-06-18T10:26:05 IST" duration-ms="4921" status="PASS">
          <params>
            <param index="0">
              <value>
                <![CDATA[https://www.carandbike.com/news/technology]]>
              </value>
            </param>
          </params>
          <reporter-output>
          </reporter-output>
        </test-method> <!-- code -->
        <test-method signature="code(java.lang.String)[pri:0, instance:testsuite.HtmlValidationProdURL@161479c6]" started-at="2021-06-18T10:26:05 IST" name="code" data-provider="excelData" finished-at="2021-06-18T10:26:10 IST" duration-ms="5251" status="PASS">
          <params>
            <param index="0">
              <value>
                <![CDATA[https://www.carandbike.com/news/cars]]>
              </value>
            </param>
          </params>
          <reporter-output>
          </reporter-output>
        </test-method> <!-- code -->
        <test-method signature="code(java.lang.String)[pri:0, instance:testsuite.HtmlValidationProdURL@161479c6]" started-at="2021-06-18T10:26:10 IST" name="code" data-provider="excelData" finished-at="2021-06-18T10:26:16 IST" duration-ms="5131" status="PASS">
          <params>
            <param index="0">
              <value>
                <![CDATA[https://www.carandbike.com/news/electric-cars]]>
              </value>
            </param>
          </params>
          <reporter-output>
          </reporter-output>
        </test-method> <!-- code -->
        <test-method signature="code(java.lang.String)[pri:0, instance:testsuite.HtmlValidationProdURL@161479c6]" started-at="2021-06-18T10:26:16 IST" name="code" data-provider="excelData" finished-at="2021-06-18T10:26:20 IST" duration-ms="4712" status="PASS">
          <params>
            <param index="0">
              <value>
                <![CDATA[https://www.carandbike.com/news/bikes]]>
              </value>
            </param>
          </params>
          <reporter-output>
          </reporter-output>
        </test-method> <!-- code -->
        <test-method signature="code(java.lang.String)[pri:0, instance:testsuite.HtmlValidationProdURL@161479c6]" started-at="2021-06-18T10:26:20 IST" name="code" data-provider="excelData" finished-at="2021-06-18T10:26:25 IST" duration-ms="4690" status="PASS">
          <params>
            <param index="0">
              <value>
                <![CDATA[https://www.carandbike.com/news/comparison]]>
              </value>
            </param>
          </params>
          <reporter-output>
          </reporter-output>
        </test-method> <!-- code -->
        <test-method signature="code(java.lang.String)[pri:0, instance:testsuite.HtmlValidationProdURL@161479c6]" started-at="2021-06-18T10:26:25 IST" name="code" data-provider="excelData" finished-at="2021-06-18T10:26:30 IST" duration-ms="5433" status="PASS">
          <params>
            <param index="0">
              <value>
                <![CDATA[https://www.carandbike.com/news/opinion]]>
              </value>
            </param>
          </params>
          <reporter-output>
          </reporter-output>
        </test-method> <!-- code -->
        <test-method signature="code(java.lang.String)[pri:0, instance:testsuite.HtmlValidationProdURL@161479c6]" started-at="2021-06-18T10:26:30 IST" name="code" data-provider="excelData" finished-at="2021-06-18T10:26:37 IST" duration-ms="6086" status="PASS">
          <params>
            <param index="0">
              <value>
                <![CDATA[https://www.carandbike.com/news/motorsport]]>
              </value>
            </param>
          </params>
          <reporter-output>
          </reporter-output>
        </test-method> <!-- code -->
        <test-method signature="code(java.lang.String)[pri:0, instance:testsuite.HtmlValidationProdURL@161479c6]" started-at="2021-06-18T10:26:37 IST" name="code" data-provider="excelData" finished-at="2021-06-18T10:26:41 IST" duration-ms="4822" status="PASS">
          <params>
            <param index="0">
              <value>
                <![CDATA[https://www.carandbike.com/news/upcoming-cars]]>
              </value>
            </param>
          </params>
          <reporter-output>
          </reporter-output>
        </test-method> <!-- code -->
        <test-method signature="code(java.lang.String)[pri:0, instance:testsuite.HtmlValidationProdURL@161479c6]" started-at="2021-06-18T10:26:41 IST" name="code" data-provider="excelData" finished-at="2021-06-18T10:26:48 IST" duration-ms="6729" status="PASS">
          <params>
            <param index="0">
              <value>
                <![CDATA[https://www.carandbike.com/news/sales-figures]]>
              </value>
            </param>
          </params>
          <reporter-output>
          </reporter-output>
        </test-method> <!-- code -->
        <test-method signature="code(java.lang.String)[pri:0, instance:testsuite.HtmlValidationProdURL@161479c6]" started-at="2021-06-18T10:26:48 IST" name="code" data-provider="excelData" finished-at="2021-06-18T10:26:54 IST" duration-ms="5912" status="PASS">
          <params>
            <param index="0">
              <value>
                <![CDATA[https://www.carandbike.com/news]]>
              </value>
            </param>
          </params>
          <reporter-output>
          </reporter-output>
        </test-method> <!-- code -->
        <test-method signature="code(java.lang.String)[pri:0, instance:testsuite.HtmlValidationProdURL@161479c6]" started-at="2021-06-18T10:26:54 IST" name="code" data-provider="excelData" finished-at="2021-06-18T10:27:02 IST" duration-ms="8457" status="PASS">
          <params>
            <param index="0">
              <value>
                <![CDATA[https://www.carandbike.com/reviews/car-reviews]]>
              </value>
            </param>
          </params>
          <reporter-output>
          </reporter-output>
        </test-method> <!-- code -->
        <test-method signature="code(java.lang.String)[pri:0, instance:testsuite.HtmlValidationProdURL@161479c6]" started-at="2021-06-18T10:27:02 IST" name="code" data-provider="excelData" finished-at="2021-06-18T10:27:10 IST" duration-ms="7205" status="PASS">
          <params>
            <param index="0">
              <value>
                <![CDATA[https://www.carandbike.com/reviews/first-drive]]>
              </value>
            </param>
          </params>
          <reporter-output>
          </reporter-output>
        </test-method> <!-- code -->
        <test-method signature="code(java.lang.String)[pri:0, instance:testsuite.HtmlValidationProdURL@161479c6]" started-at="2021-06-18T10:27:10 IST" name="code" data-provider="excelData" finished-at="2021-06-18T10:27:18 IST" duration-ms="8168" status="PASS">
          <params>
            <param index="0">
              <value>
                <![CDATA[https://www.carandbike.com/reviews/bike-reviews]]>
              </value>
            </param>
          </params>
          <reporter-output>
          </reporter-output>
        </test-method> <!-- code -->
        <test-method signature="code(java.lang.String)[pri:0, instance:testsuite.HtmlValidationProdURL@161479c6]" started-at="2021-06-18T10:27:18 IST" name="code" data-provider="excelData" finished-at="2021-06-18T10:27:26 IST" duration-ms="8236" status="PASS">
          <params>
            <param index="0">
              <value>
                <![CDATA[https://www.carandbike.com/reviews/comparison]]>
              </value>
            </param>
          </params>
          <reporter-output>
          </reporter-output>
        </test-method> <!-- code -->
        <test-method signature="code(java.lang.String)[pri:0, instance:testsuite.HtmlValidationProdURL@161479c6]" started-at="2021-06-18T10:27:26 IST" name="code" data-provider="excelData" finished-at="2021-06-18T10:27:33 IST" duration-ms="7379" status="PASS">
          <params>
            <param index="0">
              <value>
                <![CDATA[https://www.carandbike.com/reviews/road-test]]>
              </value>
            </param>
          </params>
          <reporter-output>
          </reporter-output>
        </test-method> <!-- code -->
        <test-method signature="code(java.lang.String)[pri:0, instance:testsuite.HtmlValidationProdURL@161479c6]" started-at="2021-06-18T10:27:33 IST" name="code" data-provider="excelData" finished-at="2021-06-18T10:27:39 IST" duration-ms="5653" status="PASS">
          <params>
            <param index="0">
              <value>
                <![CDATA[https://www.carandbike.com/news/travel]]>
              </value>
            </param>
          </params>
          <reporter-output>
          </reporter-output>
        </test-method> <!-- code -->
        <test-method signature="code(java.lang.String)[pri:0, instance:testsuite.HtmlValidationProdURL@161479c6]" started-at="2021-06-18T10:27:39 IST" name="code" data-provider="excelData" finished-at="2021-06-18T10:27:44 IST" duration-ms="5183" status="PASS">
          <params>
            <param index="0">
              <value>
                <![CDATA[https://www.carandbike.com/reviews/previews]]>
              </value>
            </param>
          </params>
          <reporter-output>
          </reporter-output>
        </test-method> <!-- code -->
        <test-method signature="code(java.lang.String)[pri:0, instance:testsuite.HtmlValidationProdURL@161479c6]" started-at="2021-06-18T10:27:44 IST" name="code" data-provider="excelData" finished-at="2021-06-18T10:27:49 IST" duration-ms="4978" status="PASS">
          <params>
            <param index="0">
              <value>
                <![CDATA[https://www.carandbike.com/reviews/product-accessories]]>
              </value>
            </param>
          </params>
          <reporter-output>
          </reporter-output>
        </test-method> <!-- code -->
        <test-method signature="code(java.lang.String)[pri:0, instance:testsuite.HtmlValidationProdURL@161479c6]" started-at="2021-06-18T10:27:49 IST" name="code" data-provider="excelData" finished-at="2021-06-18T10:27:55 IST" duration-ms="5268" status="PASS">
          <params>
            <param index="0">
              <value>
                <![CDATA[https://www.carandbike.com/reviews]]>
              </value>
            </param>
          </params>
          <reporter-output>
          </reporter-output>
        </test-method> <!-- code -->
        <test-method signature="code(java.lang.String)[pri:0, instance:testsuite.HtmlValidationProdURL@161479c6]" started-at="2021-06-18T10:27:55 IST" name="code" data-provider="excelData" finished-at="2021-06-18T10:27:59 IST" duration-ms="4700" status="PASS">
          <params>
            <param index="0">
              <value>
                <![CDATA[https://www.carandbike.com/videos]]>
              </value>
            </param>
          </params>
          <reporter-output>
          </reporter-output>
        </test-method> <!-- code -->
        <test-method signature="code(java.lang.String)[pri:0, instance:testsuite.HtmlValidationProdURL@161479c6]" started-at="2021-06-18T10:27:59 IST" name="code" data-provider="excelData" finished-at="2021-06-18T10:28:03 IST" duration-ms="3896" status="PASS">
          <params>
            <param index="0">
              <value>
                <![CDATA[https://www.carandbike.com/photos]]>
              </value>
            </param>
          </params>
          <reporter-output>
          </reporter-output>
        </test-method> <!-- code -->
        <test-method signature="code(java.lang.String)[pri:0, instance:testsuite.HtmlValidationProdURL@161479c6]" started-at="2021-06-18T10:28:03 IST" name="code" data-provider="excelData" finished-at="2021-06-18T10:28:07 IST" duration-ms="3503" status="PASS">
          <params>
            <param index="0">
              <value>
                <![CDATA[http://discuss.carandbike.com]]>
              </value>
            </param>
          </params>
          <reporter-output>
          </reporter-output>
        </test-method> <!-- code -->
        <test-method signature="code(java.lang.String)[pri:0, instance:testsuite.HtmlValidationProdURL@161479c6]" started-at="2021-06-18T10:28:07 IST" name="code" data-provider="excelData" finished-at="2021-06-18T10:28:12 IST" duration-ms="5439" status="PASS">
          <params>
            <param index="0">
              <value>
                <![CDATA[https://www.carandbike.com/auto-expo]]>
              </value>
            </param>
          </params>
          <reporter-output>
          </reporter-output>
        </test-method> <!-- code -->
        <test-method signature="code(java.lang.String)[pri:0, instance:testsuite.HtmlValidationProdURL@161479c6]" started-at="2021-06-18T10:28:12 IST" name="code" data-provider="excelData" finished-at="2021-06-18T10:28:27 IST" duration-ms="14734" status="PASS">
          <params>
            <param index="0">
              <value>
                <![CDATA[https://www.carandbike.com/carandbike-awards]]>
              </value>
            </param>
          </params>
          <reporter-output>
          </reporter-output>
        </test-method> <!-- code -->
        <test-method signature="code(java.lang.String)[pri:0, instance:testsuite.HtmlValidationProdURL@161479c6]" started-at="2021-06-18T10:28:27 IST" name="code" data-provider="excelData" finished-at="2021-06-18T10:28:31 IST" duration-ms="4548" status="PASS">
          <params>
            <param index="0">
              <value>
                <![CDATA[https://www.carandbike.com/used/cars-in-new-delhi]]>
              </value>
            </param>
          </params>
          <reporter-output>
          </reporter-output>
        </test-method> <!-- code -->
        <test-method signature="code(java.lang.String)[pri:0, instance:testsuite.HtmlValidationProdURL@161479c6]" started-at="2021-06-18T10:28:31 IST" name="code" data-provider="excelData" finished-at="2021-06-18T10:28:35 IST" duration-ms="3406" status="PASS">
          <params>
            <param index="0">
              <value>
                <![CDATA[https://www.carandbike.com/used/cars-in-mumbai]]>
              </value>
            </param>
          </params>
          <reporter-output>
          </reporter-output>
        </test-method> <!-- code -->
        <test-method signature="code(java.lang.String)[pri:0, instance:testsuite.HtmlValidationProdURL@161479c6]" started-at="2021-06-18T10:28:35 IST" name="code" data-provider="excelData" finished-at="2021-06-18T10:28:41 IST" duration-ms="5787" status="PASS">
          <params>
            <param index="0">
              <value>
                <![CDATA[https://www.carandbike.com/used/cars-in-bangalore]]>
              </value>
            </param>
          </params>
          <reporter-output>
          </reporter-output>
        </test-method> <!-- code -->
        <test-method signature="code(java.lang.String)[pri:0, instance:testsuite.HtmlValidationProdURL@161479c6]" started-at="2021-06-18T10:28:41 IST" name="code" data-provider="excelData" finished-at="2021-06-18T10:28:44 IST" duration-ms="3691" status="PASS">
          <params>
            <param index="0">
              <value>
                <![CDATA[https://www.carandbike.com/used/cars-in-hyderabad]]>
              </value>
            </param>
          </params>
          <reporter-output>
          </reporter-output>
        </test-method> <!-- code -->
        <test-method signature="code(java.lang.String)[pri:0, instance:testsuite.HtmlValidationProdURL@161479c6]" started-at="2021-06-18T10:28:44 IST" name="code" data-provider="excelData" finished-at="2021-06-18T10:28:48 IST" duration-ms="3447" status="PASS">
          <params>
            <param index="0">
              <value>
                <![CDATA[https://www.carandbike.com/used/cars-in-chennai]]>
              </value>
            </param>
          </params>
          <reporter-output>
          </reporter-output>
        </test-method> <!-- code -->
        <test-method signature="code(java.lang.String)[pri:0, instance:testsuite.HtmlValidationProdURL@161479c6]" started-at="2021-06-18T10:28:48 IST" name="code" data-provider="excelData" finished-at="2021-06-18T10:28:51 IST" duration-ms="3393" status="PASS">
          <params>
            <param index="0">
              <value>
                <![CDATA[https://www.carandbike.com/used/cars-in-kolkata]]>
              </value>
            </param>
          </params>
          <reporter-output>
          </reporter-output>
        </test-method> <!-- code -->
        <test-method signature="code(java.lang.String)[pri:0, instance:testsuite.HtmlValidationProdURL@161479c6]" started-at="2021-06-18T10:28:51 IST" name="code" data-provider="excelData" finished-at="2021-06-18T10:28:57 IST" duration-ms="5952" status="PASS">
          <params>
            <param index="0">
              <value>
                <![CDATA[https://www.carandbike.com/used/cars-in-ahmedabad]]>
              </value>
            </param>
          </params>
          <reporter-output>
          </reporter-output>
        </test-method> <!-- code -->
        <test-method signature="code(java.lang.String)[pri:0, instance:testsuite.HtmlValidationProdURL@161479c6]" started-at="2021-06-18T10:28:57 IST" name="code" data-provider="excelData" finished-at="2021-06-18T10:29:01 IST" duration-ms="3713" status="PASS">
          <params>
            <param index="0">
              <value>
                <![CDATA[https://www.carandbike.com/used/cars-in-lucknow]]>
              </value>
            </param>
          </params>
          <reporter-output>
          </reporter-output>
        </test-method> <!-- code -->
        <test-method signature="code(java.lang.String)[pri:0, instance:testsuite.HtmlValidationProdURL@161479c6]" started-at="2021-06-18T10:29:01 IST" name="code" data-provider="excelData" finished-at="2021-06-18T10:29:06 IST" duration-ms="4968" status="PASS">
          <params>
            <param index="0">
              <value>
                <![CDATA[https://www.carandbike.com/used/cars-under-1-lakh]]>
              </value>
            </param>
          </params>
          <reporter-output>
          </reporter-output>
        </test-method> <!-- code -->
        <test-method signature="code(java.lang.String)[pri:0, instance:testsuite.HtmlValidationProdURL@161479c6]" started-at="2021-06-18T10:29:06 IST" name="code" data-provider="excelData" finished-at="2021-06-18T10:29:12 IST" duration-ms="6154" status="PASS">
          <params>
            <param index="0">
              <value>
                <![CDATA[https://www.carandbike.com/used/cars-under-2-lakh]]>
              </value>
            </param>
          </params>
          <reporter-output>
          </reporter-output>
        </test-method> <!-- code -->
        <test-method signature="code(java.lang.String)[pri:0, instance:testsuite.HtmlValidationProdURL@161479c6]" started-at="2021-06-18T10:29:12 IST" name="code" data-provider="excelData" finished-at="2021-06-18T10:29:15 IST" duration-ms="3580" status="PASS">
          <params>
            <param index="0">
              <value>
                <![CDATA[https://www.carandbike.com/used/cars-2-to-5-lakh]]>
              </value>
            </param>
          </params>
          <reporter-output>
          </reporter-output>
        </test-method> <!-- code -->
        <test-method signature="code(java.lang.String)[pri:0, instance:testsuite.HtmlValidationProdURL@161479c6]" started-at="2021-06-18T10:29:15 IST" name="code" data-provider="excelData" finished-at="2021-06-18T10:29:19 IST" duration-ms="3491" status="PASS">
          <params>
            <param index="0">
              <value>
                <![CDATA[https://www.carandbike.com/used/cars-5-to-8-lakh]]>
              </value>
            </param>
          </params>
          <reporter-output>
          </reporter-output>
        </test-method> <!-- code -->
        <test-method signature="code(java.lang.String)[pri:0, instance:testsuite.HtmlValidationProdURL@161479c6]" started-at="2021-06-18T10:29:19 IST" name="code" data-provider="excelData" finished-at="2021-06-18T10:29:23 IST" duration-ms="3660" status="PASS">
          <params>
            <param index="0">
              <value>
                <![CDATA[https://www.carandbike.com/used/cars-8-to-10-lakh]]>
              </value>
            </param>
          </params>
          <reporter-output>
          </reporter-output>
        </test-method> <!-- code -->
        <test-method signature="code(java.lang.String)[pri:0, instance:testsuite.HtmlValidationProdURL@161479c6]" started-at="2021-06-18T10:29:23 IST" name="code" data-provider="excelData" finished-at="2021-06-18T10:29:26 IST" duration-ms="3327" status="PASS">
          <params>
            <param index="0">
              <value>
                <![CDATA[https://www.carandbike.com/used/hatchback-cars]]>
              </value>
            </param>
          </params>
          <reporter-output>
          </reporter-output>
        </test-method> <!-- code -->
        <test-method signature="code(java.lang.String)[pri:0, instance:testsuite.HtmlValidationProdURL@161479c6]" started-at="2021-06-18T10:29:26 IST" name="code" data-provider="excelData" finished-at="2021-06-18T10:29:30 IST" duration-ms="3609" status="PASS">
          <params>
            <param index="0">
              <value>
                <![CDATA[https://www.carandbike.com/used/sedan-cars]]>
              </value>
            </param>
          </params>
          <reporter-output>
          </reporter-output>
        </test-method> <!-- code -->
        <test-method signature="code(java.lang.String)[pri:0, instance:testsuite.HtmlValidationProdURL@161479c6]" started-at="2021-06-18T10:29:30 IST" name="code" data-provider="excelData" finished-at="2021-06-18T10:29:33 IST" duration-ms="3471" status="PASS">
          <params>
            <param index="0">
              <value>
                <![CDATA[https://www.carandbike.com/used/suv-cars]]>
              </value>
            </param>
          </params>
          <reporter-output>
          </reporter-output>
        </test-method> <!-- code -->
        <test-method signature="code(java.lang.String)[pri:0, instance:testsuite.HtmlValidationProdURL@161479c6]" started-at="2021-06-18T10:29:33 IST" name="code" data-provider="excelData" finished-at="2021-06-18T10:29:36 IST" duration-ms="3398" status="PASS">
          <params>
            <param index="0">
              <value>
                <![CDATA[https://www.carandbike.com/used/petrol-cars]]>
              </value>
            </param>
          </params>
          <reporter-output>
          </reporter-output>
        </test-method> <!-- code -->
        <test-method signature="code(java.lang.String)[pri:0, instance:testsuite.HtmlValidationProdURL@161479c6]" started-at="2021-06-18T10:29:36 IST" name="code" data-provider="excelData" finished-at="2021-06-18T10:29:40 IST" duration-ms="3471" status="PASS">
          <params>
            <param index="0">
              <value>
                <![CDATA[https://www.carandbike.com/used/diesel-cars]]>
              </value>
            </param>
          </params>
          <reporter-output>
          </reporter-output>
        </test-method> <!-- code -->
        <test-method signature="code(java.lang.String)[pri:0, instance:testsuite.HtmlValidationProdURL@161479c6]" started-at="2021-06-18T10:29:40 IST" name="code" data-provider="excelData" finished-at="2021-06-18T10:29:44 IST" duration-ms="4010" status="PASS">
          <params>
            <param index="0">
              <value>
                <![CDATA[https://www.carandbike.com/used/premium-cars]]>
              </value>
            </param>
          </params>
          <reporter-output>
          </reporter-output>
        </test-method> <!-- code -->
        <test-method signature="code(java.lang.String)[pri:0, instance:testsuite.HtmlValidationProdURL@161479c6]" started-at="2021-06-18T10:29:44 IST" name="code" data-provider="excelData" finished-at="2021-06-18T10:29:52 IST" duration-ms="7823" status="PASS">
          <params>
            <param index="0">
              <value>
                <![CDATA[https://www.carandbike.com/new-cars/hatchback-cars]]>
              </value>
            </param>
          </params>
          <reporter-output>
          </reporter-output>
        </test-method> <!-- code -->
        <test-method signature="code(java.lang.String)[pri:0, instance:testsuite.HtmlValidationProdURL@161479c6]" started-at="2021-06-18T10:29:52 IST" name="code" data-provider="excelData" finished-at="2021-06-18T10:30:00 IST" duration-ms="8076" status="PASS">
          <params>
            <param index="0">
              <value>
                <![CDATA[https://www.carandbike.com/new-cars/sedan-cars]]>
              </value>
            </param>
          </params>
          <reporter-output>
          </reporter-output>
        </test-method> <!-- code -->
        <test-method signature="code(java.lang.String)[pri:0, instance:testsuite.HtmlValidationProdURL@161479c6]" started-at="2021-06-18T10:30:00 IST" name="code" data-provider="excelData" finished-at="2021-06-18T10:30:06 IST" duration-ms="5980" status="PASS">
          <params>
            <param index="0">
              <value>
                <![CDATA[https://www.carandbike.com/new-cars/suv-cars]]>
              </value>
            </param>
          </params>
          <reporter-output>
          </reporter-output>
        </test-method> <!-- code -->
        <test-method signature="code(java.lang.String)[pri:0, instance:testsuite.HtmlValidationProdURL@161479c6]" started-at="2021-06-18T10:30:06 IST" name="code" data-provider="excelData" finished-at="2021-06-18T10:30:11 IST" duration-ms="5625" status="PASS">
          <params>
            <param index="0">
              <value>
                <![CDATA[https://www.carandbike.com/new-cars/muv-cars]]>
              </value>
            </param>
          </params>
          <reporter-output>
          </reporter-output>
        </test-method> <!-- code -->
        <test-method signature="code(java.lang.String)[pri:0, instance:testsuite.HtmlValidationProdURL@161479c6]" started-at="2021-06-18T10:30:11 IST" name="code" data-provider="excelData" finished-at="2021-06-18T10:30:17 IST" duration-ms="5938" status="PASS">
          <params>
            <param index="0">
              <value>
                <![CDATA[https://www.carandbike.com/new-cars/petrol-cars]]>
              </value>
            </param>
          </params>
          <reporter-output>
          </reporter-output>
        </test-method> <!-- code -->
        <test-method signature="code(java.lang.String)[pri:0, instance:testsuite.HtmlValidationProdURL@161479c6]" started-at="2021-06-18T10:30:17 IST" name="code" data-provider="excelData" finished-at="2021-06-18T10:30:23 IST" duration-ms="5466" status="PASS">
          <params>
            <param index="0">
              <value>
                <![CDATA[https://www.carandbike.com/new-cars/diesel-cars]]>
              </value>
            </param>
          </params>
          <reporter-output>
          </reporter-output>
        </test-method> <!-- code -->
        <test-method signature="code(java.lang.String)[pri:0, instance:testsuite.HtmlValidationProdURL@161479c6]" started-at="2021-06-18T10:30:23 IST" name="code" data-provider="excelData" finished-at="2021-06-18T10:30:27 IST" duration-ms="4433" status="PASS">
          <params>
            <param index="0">
              <value>
                <![CDATA[https://www.carandbike.com/new-cars/electric-cars]]>
              </value>
            </param>
          </params>
          <reporter-output>
          </reporter-output>
        </test-method> <!-- code -->
        <test-method signature="code(java.lang.String)[pri:0, instance:testsuite.HtmlValidationProdURL@161479c6]" started-at="2021-06-18T10:30:27 IST" name="code" data-provider="excelData" finished-at="2021-06-18T10:30:32 IST" duration-ms="4663" status="PASS">
          <params>
            <param index="0">
              <value>
                <![CDATA[https://www.carandbike.com/new-cars/hybrid-cars]]>
              </value>
            </param>
          </params>
          <reporter-output>
          </reporter-output>
        </test-method> <!-- code -->
        <test-method signature="code(java.lang.String)[pri:0, instance:testsuite.HtmlValidationProdURL@161479c6]" started-at="2021-06-18T10:30:32 IST" name="code" data-provider="excelData" finished-at="2021-06-18T10:30:35 IST" duration-ms="3467" status="PASS">
          <params>
            <param index="0">
              <value>
                <![CDATA[https://www.carandbike.com/mahindra-cars/thar]]>
              </value>
            </param>
          </params>
          <reporter-output>
          </reporter-output>
        </test-method> <!-- code -->
        <test-method signature="code(java.lang.String)[pri:0, instance:testsuite.HtmlValidationProdURL@161479c6]" started-at="2021-06-18T10:30:35 IST" name="code" data-provider="excelData" finished-at="2021-06-18T10:30:39 IST" duration-ms="3320" status="PASS">
          <params>
            <param index="0">
              <value>
                <![CDATA[https://www.carandbike.com/kia-cars/sonet]]>
              </value>
            </param>
          </params>
          <reporter-output>
          </reporter-output>
        </test-method> <!-- code -->
        <test-method signature="code(java.lang.String)[pri:0, instance:testsuite.HtmlValidationProdURL@161479c6]" started-at="2021-06-18T10:30:39 IST" name="code" data-provider="excelData" finished-at="2021-06-18T10:30:42 IST" duration-ms="3400" status="PASS">
          <params>
            <param index="0">
              <value>
                <![CDATA[https://www.carandbike.com/tata-cars/altroz]]>
              </value>
            </param>
          </params>
          <reporter-output>
          </reporter-output>
        </test-method> <!-- code -->
        <test-method signature="code(java.lang.String)[pri:0, instance:testsuite.HtmlValidationProdURL@161479c6]" started-at="2021-06-18T10:30:42 IST" name="code" data-provider="excelData" finished-at="2021-06-18T10:30:46 IST" duration-ms="3503" status="PASS">
          <params>
            <param index="0">
              <value>
                <![CDATA[https://www.carandbike.com/kia-cars/seltos]]>
              </value>
            </param>
          </params>
          <reporter-output>
          </reporter-output>
        </test-method> <!-- code -->
        <test-method signature="code(java.lang.String)[pri:0, instance:testsuite.HtmlValidationProdURL@161479c6]" started-at="2021-06-18T10:30:46 IST" name="code" data-provider="excelData" finished-at="2021-06-18T10:30:49 IST" duration-ms="3593" status="PASS">
          <params>
            <param index="0">
              <value>
                <![CDATA[https://www.carandbike.com/renault-cars/triber]]>
              </value>
            </param>
          </params>
          <reporter-output>
          </reporter-output>
        </test-method> <!-- code -->
        <test-method signature="code(java.lang.String)[pri:0, instance:testsuite.HtmlValidationProdURL@161479c6]" started-at="2021-06-18T10:30:49 IST" name="code" data-provider="excelData" finished-at="2021-06-18T10:30:53 IST" duration-ms="3366" status="PASS">
          <params>
            <param index="0">
              <value>
                <![CDATA[https://www.carandbike.com/jeep-cars/compass]]>
              </value>
            </param>
          </params>
          <reporter-output>
          </reporter-output>
        </test-method> <!-- code -->
        <test-method signature="code(java.lang.String)[pri:0, instance:testsuite.HtmlValidationProdURL@161479c6]" started-at="2021-06-18T10:30:53 IST" name="code" data-provider="excelData" finished-at="2021-06-18T10:30:56 IST" duration-ms="3491" status="PASS">
          <params>
            <param index="0">
              <value>
                <![CDATA[https://www.carandbike.com/honda-cars/city]]>
              </value>
            </param>
          </params>
          <reporter-output>
          </reporter-output>
        </test-method> <!-- code -->
        <test-method signature="code(java.lang.String)[pri:0, instance:testsuite.HtmlValidationProdURL@161479c6]" started-at="2021-06-18T10:30:56 IST" name="code" data-provider="excelData" finished-at="2021-06-18T10:31:00 IST" duration-ms="3648" status="PASS">
          <params>
            <param index="0">
              <value>
                <![CDATA[https://www.carandbike.com/maruti-suzuki-cars/alto-800]]>
              </value>
            </param>
          </params>
          <reporter-output>
          </reporter-output>
        </test-method> <!-- code -->
        <test-method signature="code(java.lang.String)[pri:0, instance:testsuite.HtmlValidationProdURL@161479c6]" started-at="2021-06-18T10:31:00 IST" name="code" data-provider="excelData" finished-at="2021-06-18T10:31:03 IST" duration-ms="3476" status="PASS">
          <params>
            <param index="0">
              <value>
                <![CDATA[https://www.carandbike.com/tata-cars/nexon]]>
              </value>
            </param>
          </params>
          <reporter-output>
          </reporter-output>
        </test-method> <!-- code -->
        <test-method signature="code(java.lang.String)[pri:0, instance:testsuite.HtmlValidationProdURL@161479c6]" started-at="2021-06-18T10:31:03 IST" name="code" data-provider="excelData" finished-at="2021-06-18T10:31:07 IST" duration-ms="3703" status="PASS">
          <params>
            <param index="0">
              <value>
                <![CDATA[https://www.carandbike.com/maruti-suzuki-cars/s-presso]]>
              </value>
            </param>
          </params>
          <reporter-output>
          </reporter-output>
        </test-method> <!-- code -->
        <test-method signature="code(java.lang.String)[pri:0, instance:testsuite.HtmlValidationProdURL@161479c6]" started-at="2021-06-18T10:31:07 IST" name="code" data-provider="excelData" finished-at="2021-06-18T10:31:10 IST" duration-ms="3450" status="PASS">
          <params>
            <param index="0">
              <value>
                <![CDATA[https://www.carandbike.com/renault-cars/kwid]]>
              </value>
            </param>
          </params>
          <reporter-output>
          </reporter-output>
        </test-method> <!-- code -->
        <test-method signature="code(java.lang.String)[pri:0, instance:testsuite.HtmlValidationProdURL@161479c6]" started-at="2021-06-18T10:31:10 IST" name="code" data-provider="excelData" finished-at="2021-06-18T10:31:14 IST" duration-ms="3569" status="PASS">
          <params>
            <param index="0">
              <value>
                <![CDATA[https://www.carandbike.com/mahindra-cars/xuv500]]>
              </value>
            </param>
          </params>
          <reporter-output>
          </reporter-output>
        </test-method> <!-- code -->
        <test-method signature="code(java.lang.String)[pri:0, instance:testsuite.HtmlValidationProdURL@161479c6]" started-at="2021-06-18T10:31:14 IST" name="code" data-provider="excelData" finished-at="2021-06-18T10:31:20 IST" duration-ms="6103" status="PASS">
          <params>
            <param index="0">
              <value>
                <![CDATA[https://www.carandbike.com/hyundai-cars/creta]]>
              </value>
            </param>
          </params>
          <reporter-output>
          </reporter-output>
        </test-method> <!-- code -->
        <test-method signature="code(java.lang.String)[pri:0, instance:testsuite.HtmlValidationProdURL@161479c6]" started-at="2021-06-18T10:31:20 IST" name="code" data-provider="excelData" finished-at="2021-06-18T10:31:24 IST" duration-ms="4482" status="PASS">
          <params>
            <param index="0">
              <value>
                <![CDATA[https://www.carandbike.com/tata-cars/harrier]]>
              </value>
            </param>
          </params>
          <reporter-output>
          </reporter-output>
        </test-method> <!-- code -->
        <test-method signature="code(java.lang.String)[pri:0, instance:testsuite.HtmlValidationProdURL@161479c6]" started-at="2021-06-18T10:31:24 IST" name="code" data-provider="excelData" finished-at="2021-06-18T10:31:28 IST" duration-ms="3888" status="PASS">
          <params>
            <param index="0">
              <value>
                <![CDATA[https://www.carandbike.com/honda-cars/amaze]]>
              </value>
            </param>
          </params>
          <reporter-output>
          </reporter-output>
        </test-method> <!-- code -->
        <test-method signature="code(java.lang.String)[pri:0, instance:testsuite.HtmlValidationProdURL@161479c6]" started-at="2021-06-18T10:31:28 IST" name="code" data-provider="excelData" finished-at="2021-06-18T10:31:32 IST" duration-ms="3220" status="PASS">
          <params>
            <param index="0">
              <value>
                <![CDATA[https://www.carandbike.com/hyundai-cars/venue]]>
              </value>
            </param>
          </params>
          <reporter-output>
          </reporter-output>
        </test-method> <!-- code -->
        <test-method signature="code(java.lang.String)[pri:0, instance:testsuite.HtmlValidationProdURL@161479c6]" started-at="2021-06-18T10:31:32 IST" name="code" data-provider="excelData" finished-at="2021-06-18T10:31:35 IST" duration-ms="3626" status="PASS">
          <params>
            <param index="0">
              <value>
                <![CDATA[https://www.carandbike.com/hyundai-cars/elite-i20]]>
              </value>
            </param>
          </params>
          <reporter-output>
          </reporter-output>
        </test-method> <!-- code -->
        <test-method signature="code(java.lang.String)[pri:0, instance:testsuite.HtmlValidationProdURL@161479c6]" started-at="2021-06-18T10:31:35 IST" name="code" data-provider="excelData" finished-at="2021-06-18T10:31:39 IST" duration-ms="3597" status="PASS">
          <params>
            <param index="0">
              <value>
                <![CDATA[https://www.carandbike.com/mahindra-cars/xuv300]]>
              </value>
            </param>
          </params>
          <reporter-output>
          </reporter-output>
        </test-method> <!-- code -->
        <test-method signature="code(java.lang.String)[pri:0, instance:testsuite.HtmlValidationProdURL@161479c6]" started-at="2021-06-18T10:31:39 IST" name="code" data-provider="excelData" finished-at="2021-06-18T10:31:42 IST" duration-ms="3591" status="PASS">
          <params>
            <param index="0">
              <value>
                <![CDATA[https://www.carandbike.com/maruti-suzuki-cars/baleno]]>
              </value>
            </param>
          </params>
          <reporter-output>
          </reporter-output>
        </test-method> <!-- code -->
        <test-method signature="code(java.lang.String)[pri:0, instance:testsuite.HtmlValidationProdURL@161479c6]" started-at="2021-06-18T10:31:42 IST" name="code" data-provider="excelData" finished-at="2021-06-18T10:31:46 IST" duration-ms="3671" status="PASS">
          <params>
            <param index="0">
              <value>
                <![CDATA[https://www.carandbike.com/maruti-suzuki-cars/dzire]]>
              </value>
            </param>
          </params>
          <reporter-output>
          </reporter-output>
        </test-method> <!-- code -->
        <test-method signature="code(java.lang.String)[pri:0, instance:testsuite.HtmlValidationProdURL@161479c6]" started-at="2021-06-18T10:31:46 IST" name="code" data-provider="excelData" finished-at="2021-06-18T10:31:51 IST" duration-ms="4718" status="PASS">
          <params>
            <param index="0">
              <value>
                <![CDATA[https://www.carandbike.com/audi-cars]]>
              </value>
            </param>
          </params>
          <reporter-output>
          </reporter-output>
        </test-method> <!-- code -->
        <test-method signature="code(java.lang.String)[pri:0, instance:testsuite.HtmlValidationProdURL@161479c6]" started-at="2021-06-18T10:31:51 IST" name="code" data-provider="excelData" finished-at="2021-06-18T10:31:57 IST" duration-ms="5782" status="PASS">
          <params>
            <param index="0">
              <value>
                <![CDATA[https://www.carandbike.com/bmw-cars]]>
              </value>
            </param>
          </params>
          <reporter-output>
          </reporter-output>
        </test-method> <!-- code -->
        <test-method signature="code(java.lang.String)[pri:0, instance:testsuite.HtmlValidationProdURL@161479c6]" started-at="2021-06-18T10:31:57 IST" name="code" data-provider="excelData" finished-at="2021-06-18T10:32:02 IST" duration-ms="5219" status="PASS">
          <params>
            <param index="0">
              <value>
                <![CDATA[https://www.carandbike.com/honda-cars]]>
              </value>
            </param>
          </params>
          <reporter-output>
          </reporter-output>
        </test-method> <!-- code -->
        <test-method signature="code(java.lang.String)[pri:0, instance:testsuite.HtmlValidationProdURL@161479c6]" started-at="2021-06-18T10:32:02 IST" name="code" data-provider="excelData" finished-at="2021-06-18T10:32:07 IST" duration-ms="5348" status="PASS">
          <params>
            <param index="0">
              <value>
                <![CDATA[https://www.carandbike.com/hyundai-cars]]>
              </value>
            </param>
          </params>
          <reporter-output>
          </reporter-output>
        </test-method> <!-- code -->
        <test-method signature="code(java.lang.String)[pri:0, instance:testsuite.HtmlValidationProdURL@161479c6]" started-at="2021-06-18T10:32:07 IST" name="code" data-provider="excelData" finished-at="2021-06-18T10:32:11 IST" duration-ms="4177" status="PASS">
          <params>
            <param index="0">
              <value>
                <![CDATA[https://www.carandbike.com/kia-cars]]>
              </value>
            </param>
          </params>
          <reporter-output>
          </reporter-output>
        </test-method> <!-- code -->
        <test-method signature="code(java.lang.String)[pri:0, instance:testsuite.HtmlValidationProdURL@161479c6]" started-at="2021-06-18T10:32:11 IST" name="code" data-provider="excelData" finished-at="2021-06-18T10:32:15 IST" duration-ms="3186" status="PASS">
          <params>
            <param index="0">
              <value>
                <![CDATA[https://www.carandbike.com/land-rover-cars]]>
              </value>
            </param>
          </params>
          <reporter-output>
          </reporter-output>
        </test-method> <!-- code -->
        <test-method signature="code(java.lang.String)[pri:0, instance:testsuite.HtmlValidationProdURL@161479c6]" started-at="2021-06-18T10:32:15 IST" name="code" data-provider="excelData" finished-at="2021-06-18T10:32:20 IST" duration-ms="5238" status="PASS">
          <params>
            <param index="0">
              <value>
                <![CDATA[https://www.carandbike.com/mahindra-cars]]>
              </value>
            </param>
          </params>
          <reporter-output>
          </reporter-output>
        </test-method> <!-- code -->
        <test-method signature="code(java.lang.String)[pri:0, instance:testsuite.HtmlValidationProdURL@161479c6]" started-at="2021-06-18T10:32:20 IST" name="code" data-provider="excelData" finished-at="2021-06-18T10:32:25 IST" duration-ms="4818" status="PASS">
          <params>
            <param index="0">
              <value>
                <![CDATA[https://www.carandbike.com/maruti-suzuki-cars]]>
              </value>
            </param>
          </params>
          <reporter-output>
          </reporter-output>
        </test-method> <!-- code -->
        <test-method signature="code(java.lang.String)[pri:0, instance:testsuite.HtmlValidationProdURL@161479c6]" started-at="2021-06-18T10:32:25 IST" name="code" data-provider="excelData" finished-at="2021-06-18T10:32:29 IST" duration-ms="4285" status="PASS">
          <params>
            <param index="0">
              <value>
                <![CDATA[https://www.carandbike.com/mg-cars]]>
              </value>
            </param>
          </params>
          <reporter-output>
          </reporter-output>
        </test-method> <!-- code -->
        <test-method signature="code(java.lang.String)[pri:0, instance:testsuite.HtmlValidationProdURL@161479c6]" started-at="2021-06-18T10:32:29 IST" name="code" data-provider="excelData" finished-at="2021-06-18T10:32:33 IST" duration-ms="3665" status="PASS">
          <params>
            <param index="0">
              <value>
                <![CDATA[https://www.carandbike.com/renault-cars]]>
              </value>
            </param>
          </params>
          <reporter-output>
          </reporter-output>
        </test-method> <!-- code -->
        <test-method signature="code(java.lang.String)[pri:0, instance:testsuite.HtmlValidationProdURL@161479c6]" started-at="2021-06-18T10:32:33 IST" name="code" data-provider="excelData" finished-at="2021-06-18T10:32:36 IST" duration-ms="3401" status="PASS">
          <params>
            <param index="0">
              <value>
                <![CDATA[https://www.carandbike.com/used/bikes-in-new-delhi]]>
              </value>
            </param>
          </params>
          <reporter-output>
          </reporter-output>
        </test-method> <!-- code -->
        <test-method signature="code(java.lang.String)[pri:0, instance:testsuite.HtmlValidationProdURL@161479c6]" started-at="2021-06-18T10:32:36 IST" name="code" data-provider="excelData" finished-at="2021-06-18T10:32:39 IST" duration-ms="3194" status="PASS">
          <params>
            <param index="0">
              <value>
                <![CDATA[https://www.carandbike.com/used/bikes-in-mumbai]]>
              </value>
            </param>
          </params>
          <reporter-output>
          </reporter-output>
        </test-method> <!-- code -->
        <test-method signature="code(java.lang.String)[pri:0, instance:testsuite.HtmlValidationProdURL@161479c6]" started-at="2021-06-18T10:32:39 IST" name="code" data-provider="excelData" finished-at="2021-06-18T10:32:42 IST" duration-ms="3206" status="PASS">
          <params>
            <param index="0">
              <value>
                <![CDATA[https://www.carandbike.com/used/bikes-in-bangalore]]>
              </value>
            </param>
          </params>
          <reporter-output>
          </reporter-output>
        </test-method> <!-- code -->
        <test-method signature="code(java.lang.String)[pri:0, instance:testsuite.HtmlValidationProdURL@161479c6]" started-at="2021-06-18T10:32:42 IST" name="code" data-provider="excelData" finished-at="2021-06-18T10:32:45 IST" duration-ms="3150" status="PASS">
          <params>
            <param index="0">
              <value>
                <![CDATA[https://www.carandbike.com/used/bikes-in-hyderabad]]>
              </value>
            </param>
          </params>
          <reporter-output>
          </reporter-output>
        </test-method> <!-- code -->
        <test-method signature="code(java.lang.String)[pri:0, instance:testsuite.HtmlValidationProdURL@161479c6]" started-at="2021-06-18T10:32:45 IST" name="code" data-provider="excelData" finished-at="2021-06-18T10:32:49 IST" duration-ms="3128" status="PASS">
          <params>
            <param index="0">
              <value>
                <![CDATA[https://www.carandbike.com/used/bikes-in-chennai]]>
              </value>
            </param>
          </params>
          <reporter-output>
          </reporter-output>
        </test-method> <!-- code -->
        <test-method signature="code(java.lang.String)[pri:0, instance:testsuite.HtmlValidationProdURL@161479c6]" started-at="2021-06-18T10:32:49 IST" name="code" data-provider="excelData" finished-at="2021-06-18T10:32:52 IST" duration-ms="3280" status="PASS">
          <params>
            <param index="0">
              <value>
                <![CDATA[https://www.carandbike.com/used/bikes-in-kolkata]]>
              </value>
            </param>
          </params>
          <reporter-output>
          </reporter-output>
        </test-method> <!-- code -->
        <test-method signature="code(java.lang.String)[pri:0, instance:testsuite.HtmlValidationProdURL@161479c6]" started-at="2021-06-18T10:32:52 IST" name="code" data-provider="excelData" finished-at="2021-06-18T10:32:55 IST" duration-ms="3144" status="PASS">
          <params>
            <param index="0">
              <value>
                <![CDATA[https://www.carandbike.com/used/bikes-in-ahmedabad]]>
              </value>
            </param>
          </params>
          <reporter-output>
          </reporter-output>
        </test-method> <!-- code -->
        <test-method signature="code(java.lang.String)[pri:0, instance:testsuite.HtmlValidationProdURL@161479c6]" started-at="2021-06-18T10:32:55 IST" name="code" data-provider="excelData" finished-at="2021-06-18T10:32:58 IST" duration-ms="3155" status="PASS">
          <params>
            <param index="0">
              <value>
                <![CDATA[https://www.carandbike.com/used/bikes-in-lucknow]]>
              </value>
            </param>
          </params>
          <reporter-output>
          </reporter-output>
        </test-method> <!-- code -->
        <test-method signature="code(java.lang.String)[pri:0, instance:testsuite.HtmlValidationProdURL@161479c6]" started-at="2021-06-18T10:32:58 IST" name="code" data-provider="excelData" finished-at="2021-06-18T10:33:02 IST" duration-ms="3938" status="PASS">
          <params>
            <param index="0">
              <value>
                <![CDATA[https://www.carandbike.com/used/bikes-under-10000]]>
              </value>
            </param>
          </params>
          <reporter-output>
          </reporter-output>
        </test-method> <!-- code -->
        <test-method signature="code(java.lang.String)[pri:0, instance:testsuite.HtmlValidationProdURL@161479c6]" started-at="2021-06-18T10:33:02 IST" name="code" data-provider="excelData" finished-at="2021-06-18T10:33:05 IST" duration-ms="3110" status="PASS">
          <params>
            <param index="0">
              <value>
                <![CDATA[https://www.carandbike.com/used/bikes-under-20000]]>
              </value>
            </param>
          </params>
          <reporter-output>
          </reporter-output>
        </test-method> <!-- code -->
        <test-method signature="code(java.lang.String)[pri:0, instance:testsuite.HtmlValidationProdURL@161479c6]" started-at="2021-06-18T10:33:05 IST" name="code" data-provider="excelData" finished-at="2021-06-18T10:33:08 IST" duration-ms="3208" status="PASS">
          <params>
            <param index="0">
              <value>
                <![CDATA[https://www.carandbike.com/used/bikes-20000-to-30000]]>
              </value>
            </param>
          </params>
          <reporter-output>
          </reporter-output>
        </test-method> <!-- code -->
        <test-method signature="code(java.lang.String)[pri:0, instance:testsuite.HtmlValidationProdURL@161479c6]" started-at="2021-06-18T10:33:08 IST" name="code" data-provider="excelData" finished-at="2021-06-18T10:33:12 IST" duration-ms="3445" status="PASS">
          <params>
            <param index="0">
              <value>
                <![CDATA[https://www.carandbike.com/used/bikes-30000-to-40000]]>
              </value>
            </param>
          </params>
          <reporter-output>
          </reporter-output>
        </test-method> <!-- code -->
        <test-method signature="code(java.lang.String)[pri:0, instance:testsuite.HtmlValidationProdURL@161479c6]" started-at="2021-06-18T10:33:12 IST" name="code" data-provider="excelData" finished-at="2021-06-18T10:33:15 IST" duration-ms="3341" status="PASS">
          <params>
            <param index="0">
              <value>
                <![CDATA[https://www.carandbike.com/used/bikes-40000-to-50000]]>
              </value>
            </param>
          </params>
          <reporter-output>
          </reporter-output>
        </test-method> <!-- code -->
        <test-method signature="code(java.lang.String)[pri:0, instance:testsuite.HtmlValidationProdURL@161479c6]" started-at="2021-06-18T10:33:15 IST" name="code" data-provider="excelData" finished-at="2021-06-18T10:33:18 IST" duration-ms="3141" status="PASS">
          <params>
            <param index="0">
              <value>
                <![CDATA[https://www.carandbike.com/used/commuter-bikes]]>
              </value>
            </param>
          </params>
          <reporter-output>
          </reporter-output>
        </test-method> <!-- code -->
        <test-method signature="code(java.lang.String)[pri:0, instance:testsuite.HtmlValidationProdURL@161479c6]" started-at="2021-06-18T10:33:18 IST" name="code" data-provider="excelData" finished-at="2021-06-18T10:33:22 IST" duration-ms="3147" status="PASS">
          <params>
            <param index="0">
              <value>
                <![CDATA[https://www.carandbike.com/used/scooter-bikes]]>
              </value>
            </param>
          </params>
          <reporter-output>
          </reporter-output>
        </test-method> <!-- code -->
        <test-method signature="code(java.lang.String)[pri:0, instance:testsuite.HtmlValidationProdURL@161479c6]" started-at="2021-06-18T10:33:22 IST" name="code" data-provider="excelData" finished-at="2021-06-18T10:33:25 IST" duration-ms="3312" status="PASS">
          <params>
            <param index="0">
              <value>
                <![CDATA[https://www.carandbike.com/used/cruiser-bikes]]>
              </value>
            </param>
          </params>
          <reporter-output>
          </reporter-output>
        </test-method> <!-- code -->
        <test-method signature="code(java.lang.String)[pri:0, instance:testsuite.HtmlValidationProdURL@161479c6]" started-at="2021-06-18T10:33:25 IST" name="code" data-provider="excelData" finished-at="2021-06-18T10:33:28 IST" duration-ms="3312" status="PASS">
          <params>
            <param index="0">
              <value>
                <![CDATA[https://www.carandbike.com/used/off-road-bikes]]>
              </value>
            </param>
          </params>
          <reporter-output>
          </reporter-output>
        </test-method> <!-- code -->
        <test-method signature="code(java.lang.String)[pri:0, instance:testsuite.HtmlValidationProdURL@161479c6]" started-at="2021-06-18T10:33:28 IST" name="code" data-provider="excelData" finished-at="2021-06-18T10:33:31 IST" duration-ms="3190" status="PASS">
          <params>
            <param index="0">
              <value>
                <![CDATA[https://www.carandbike.com/used/sports-bikes]]>
              </value>
            </param>
          </params>
          <reporter-output>
          </reporter-output>
        </test-method> <!-- code -->
        <test-method signature="code(java.lang.String)[pri:0, instance:testsuite.HtmlValidationProdURL@161479c6]" started-at="2021-06-18T10:33:31 IST" name="code" data-provider="excelData" finished-at="2021-06-18T10:33:37 IST" duration-ms="5856" status="PASS">
          <params>
            <param index="0">
              <value>
                <![CDATA[https://www.carandbike.com/new-bikes/scooters]]>
              </value>
            </param>
          </params>
          <reporter-output>
          </reporter-output>
        </test-method> <!-- code -->
        <test-method signature="code(java.lang.String)[pri:0, instance:testsuite.HtmlValidationProdURL@161479c6]" started-at="2021-06-18T10:33:37 IST" name="code" data-provider="excelData" finished-at="2021-06-18T10:33:44 IST" duration-ms="6637" status="PASS">
          <params>
            <param index="0">
              <value>
                <![CDATA[https://www.carandbike.com/new-bikes/cruiser-bikes]]>
              </value>
            </param>
          </params>
          <reporter-output>
          </reporter-output>
        </test-method> <!-- code -->
        <test-method signature="code(java.lang.String)[pri:0, instance:testsuite.HtmlValidationProdURL@161479c6]" started-at="2021-06-18T10:33:44 IST" name="code" data-provider="excelData" finished-at="2021-06-18T10:33:49 IST" duration-ms="5316" status="PASS">
          <params>
            <param index="0">
              <value>
                <![CDATA[https://www.carandbike.com/new-bikes/commuter-bikes]]>
              </value>
            </param>
          </params>
          <reporter-output>
          </reporter-output>
        </test-method> <!-- code -->
        <test-method signature="code(java.lang.String)[pri:0, instance:testsuite.HtmlValidationProdURL@161479c6]" started-at="2021-06-18T10:33:49 IST" name="code" data-provider="excelData" finished-at="2021-06-18T10:33:55 IST" duration-ms="5779" status="PASS">
          <params>
            <param index="0">
              <value>
                <![CDATA[https://www.carandbike.com/new-bikes/sports-bikes]]>
              </value>
            </param>
          </params>
          <reporter-output>
          </reporter-output>
        </test-method> <!-- code -->
        <test-method signature="code(java.lang.String)[pri:0, instance:testsuite.HtmlValidationProdURL@161479c6]" started-at="2021-06-18T10:33:55 IST" name="code" data-provider="excelData" finished-at="2021-06-18T10:34:02 IST" duration-ms="6658" status="PASS">
          <params>
            <param index="0">
              <value>
                <![CDATA[https://www.carandbike.com/new-bikes/off-road-bikes]]>
              </value>
            </param>
          </params>
          <reporter-output>
          </reporter-output>
        </test-method> <!-- code -->
        <test-method signature="code(java.lang.String)[pri:0, instance:testsuite.HtmlValidationProdURL@161479c6]" started-at="2021-06-18T10:34:02 IST" name="code" data-provider="excelData" finished-at="2021-06-18T10:34:08 IST" duration-ms="6295" status="PASS">
          <params>
            <param index="0">
              <value>
                <![CDATA[https://www.carandbike.com/new-bikes/electric-bikes]]>
              </value>
            </param>
          </params>
          <reporter-output>
          </reporter-output>
        </test-method> <!-- code -->
        <test-method signature="code(java.lang.String)[pri:0, instance:testsuite.HtmlValidationProdURL@161479c6]" started-at="2021-06-18T10:34:08 IST" name="code" data-provider="excelData" finished-at="2021-06-18T10:34:12 IST" duration-ms="4303" status="PASS">
          <params>
            <param index="0">
              <value>
                <![CDATA[https://www.carandbike.com/honda-bikes/activa-5g]]>
              </value>
            </param>
          </params>
          <reporter-output>
          </reporter-output>
        </test-method> <!-- code -->
        <test-method signature="code(java.lang.String)[pri:0, instance:testsuite.HtmlValidationProdURL@161479c6]" started-at="2021-06-18T10:34:12 IST" name="code" data-provider="excelData" finished-at="2021-06-18T10:34:17 IST" duration-ms="4449" status="PASS">
          <params>
            <param index="0">
              <value>
                <![CDATA[https://www.carandbike.com/honda-bikes/activa-6g]]>
              </value>
            </param>
          </params>
          <reporter-output>
          </reporter-output>
        </test-method> <!-- code -->
        <test-method signature="code(java.lang.String)[pri:0, instance:testsuite.HtmlValidationProdURL@161479c6]" started-at="2021-06-18T10:34:17 IST" name="code" data-provider="excelData" finished-at="2021-06-18T10:34:20 IST" duration-ms="3667" status="PASS">
          <params>
            <param index="0">
              <value>
                <![CDATA[https://www.carandbike.com/honda-bikes/cb-shine]]>
              </value>
            </param>
          </params>
          <reporter-output>
          </reporter-output>
        </test-method> <!-- code -->
        <test-method signature="code(java.lang.String)[pri:0, instance:testsuite.HtmlValidationProdURL@161479c6]" started-at="2021-06-18T10:34:20 IST" name="code" data-provider="excelData" finished-at="2021-06-18T10:34:24 IST" duration-ms="3942" status="PASS">
          <params>
            <param index="0">
              <value>
                <![CDATA[https://www.carandbike.com/honda-bikes/cb-shine-sp]]>
              </value>
            </param>
          </params>
          <reporter-output>
          </reporter-output>
        </test-method> <!-- code -->
        <test-method signature="code(java.lang.String)[pri:0, instance:testsuite.HtmlValidationProdURL@161479c6]" started-at="2021-06-18T10:34:24 IST" name="code" data-provider="excelData" finished-at="2021-06-18T10:34:28 IST" duration-ms="3940" status="PASS">
          <params>
            <param index="0">
              <value>
                <![CDATA[https://www.carandbike.com/honda-bikes/dio]]>
              </value>
            </param>
          </params>
          <reporter-output>
          </reporter-output>
        </test-method> <!-- code -->
        <test-method signature="code(java.lang.String)[pri:0, instance:testsuite.HtmlValidationProdURL@161479c6]" started-at="2021-06-18T10:34:28 IST" name="code" data-provider="excelData" finished-at="2021-06-18T10:34:32 IST" duration-ms="3634" status="PASS">
          <params>
            <param index="0">
              <value>
                <![CDATA[https://www.carandbike.com/hero-bikes/hf-deluxe]]>
              </value>
            </param>
          </params>
          <reporter-output>
          </reporter-output>
        </test-method> <!-- code -->
        <test-method signature="code(java.lang.String)[pri:0, instance:testsuite.HtmlValidationProdURL@161479c6]" started-at="2021-06-18T10:34:32 IST" name="code" data-provider="excelData" finished-at="2021-06-18T10:34:36 IST" duration-ms="3778" status="PASS">
          <params>
            <param index="0">
              <value>
                <![CDATA[https://www.carandbike.com/hero-bikes/hf-deluxe-i3s]]>
              </value>
            </param>
          </params>
          <reporter-output>
          </reporter-output>
        </test-method> <!-- code -->
        <test-method signature="code(java.lang.String)[pri:0, instance:testsuite.HtmlValidationProdURL@161479c6]" started-at="2021-06-18T10:34:36 IST" name="code" data-provider="excelData" finished-at="2021-06-18T10:34:39 IST" duration-ms="3812" status="PASS">
          <params>
            <param index="0">
              <value>
                <![CDATA[https://www.carandbike.com/hero-bikes/passion-pro-i3s]]>
              </value>
            </param>
          </params>
          <reporter-output>
          </reporter-output>
        </test-method> <!-- code -->
        <test-method signature="code(java.lang.String)[pri:0, instance:testsuite.HtmlValidationProdURL@161479c6]" started-at="2021-06-18T10:34:39 IST" name="code" data-provider="excelData" finished-at="2021-06-18T10:34:43 IST" duration-ms="3591" status="PASS">
          <params>
            <param index="0">
              <value>
                <![CDATA[https://www.carandbike.com/hero-bikes/splendor-plus]]>
              </value>
            </param>
          </params>
          <reporter-output>
          </reporter-output>
        </test-method> <!-- code -->
        <test-method signature="code(java.lang.String)[pri:0, instance:testsuite.HtmlValidationProdURL@161479c6]" started-at="2021-06-18T10:34:43 IST" name="code" data-provider="excelData" finished-at="2021-06-18T10:34:46 IST" duration-ms="3447" status="PASS">
          <params>
            <param index="0">
              <value>
                <![CDATA[https://www.carandbike.com/hero-bikes/super-splendor]]>
              </value>
            </param>
          </params>
          <reporter-output>
          </reporter-output>
        </test-method> <!-- code -->
        <test-method signature="code(java.lang.String)[pri:0, instance:testsuite.HtmlValidationProdURL@161479c6]" started-at="2021-06-18T10:34:46 IST" name="code" data-provider="excelData" finished-at="2021-06-18T10:34:50 IST" duration-ms="3643" status="PASS">
          <params>
            <param index="0">
              <value>
                <![CDATA[https://www.carandbike.com/yamaha-bikes/fz-s-v20-fi]]>
              </value>
            </param>
          </params>
          <reporter-output>
          </reporter-output>
        </test-method> <!-- code -->
        <test-method signature="code(java.lang.String)[pri:0, instance:testsuite.HtmlValidationProdURL@161479c6]" started-at="2021-06-18T10:34:50 IST" name="code" data-provider="excelData" finished-at="2021-06-18T10:34:54 IST" duration-ms="3951" status="PASS">
          <params>
            <param index="0">
              <value>
                <![CDATA[https://www.carandbike.com/bajaj-bikes/pulsar-125]]>
              </value>
            </param>
          </params>
          <reporter-output>
          </reporter-output>
        </test-method> <!-- code -->
        <test-method signature="code(java.lang.String)[pri:0, instance:testsuite.HtmlValidationProdURL@161479c6]" started-at="2021-06-18T10:34:54 IST" name="code" data-provider="excelData" finished-at="2021-06-18T10:34:58 IST" duration-ms="3865" status="PASS">
          <params>
            <param index="0">
              <value>
                <![CDATA[https://www.carandbike.com/bajaj-bikes/pulsar-150]]>
              </value>
            </param>
          </params>
          <reporter-output>
          </reporter-output>
        </test-method> <!-- code -->
        <test-method signature="code(java.lang.String)[pri:0, instance:testsuite.HtmlValidationProdURL@161479c6]" started-at="2021-06-18T10:34:58 IST" name="code" data-provider="excelData" finished-at="2021-06-18T10:35:01 IST" duration-ms="3287" status="PASS">
          <params>
            <param index="0">
              <value>
                <![CDATA[https://www.carandbike.com/tvs-bikes/ntorq-125]]>
              </value>
            </param>
          </params>
          <reporter-output>
          </reporter-output>
        </test-method> <!-- code -->
        <test-method signature="code(java.lang.String)[pri:0, instance:testsuite.HtmlValidationProdURL@161479c6]" started-at="2021-06-18T10:35:01 IST" name="code" data-provider="excelData" finished-at="2021-06-18T10:35:04 IST" duration-ms="3169" status="PASS">
          <params>
            <param index="0">
              <value>
                <![CDATA[https://www.carandbike.com/royal-enfield-bikes/classic-350]]>
              </value>
            </param>
          </params>
          <reporter-output>
          </reporter-output>
        </test-method> <!-- code -->
        <test-method signature="code(java.lang.String)[pri:0, instance:testsuite.HtmlValidationProdURL@161479c6]" started-at="2021-06-18T10:35:04 IST" name="code" data-provider="excelData" finished-at="2021-06-18T10:35:08 IST" duration-ms="3382" status="PASS">
          <params>
            <param index="0">
              <value>
                <![CDATA[https://www.carandbike.com/royal-enfield-bikes/classic-500]]>
              </value>
            </param>
          </params>
          <reporter-output>
          </reporter-output>
        </test-method> <!-- code -->
        <test-method signature="code(java.lang.String)[pri:0, instance:testsuite.HtmlValidationProdURL@161479c6]" started-at="2021-06-18T10:35:08 IST" name="code" data-provider="excelData" finished-at="2021-06-18T10:35:12 IST" duration-ms="4002" status="PASS">
          <params>
            <param index="0">
              <value>
                <![CDATA[https://www.carandbike.com/ktm-bikes/rc-200]]>
              </value>
            </param>
          </params>
          <reporter-output>
          </reporter-output>
        </test-method> <!-- code -->
        <test-method signature="code(java.lang.String)[pri:0, instance:testsuite.HtmlValidationProdURL@161479c6]" started-at="2021-06-18T10:35:12 IST" name="code" data-provider="excelData" finished-at="2021-06-18T10:35:15 IST" duration-ms="3629" status="PASS">
          <params>
            <param index="0">
              <value>
                <![CDATA[https://www.carandbike.com/hero-honda-bikes/splendor-plus]]>
              </value>
            </param>
          </params>
          <reporter-output>
          </reporter-output>
        </test-method> <!-- code -->
        <test-method signature="code(java.lang.String)[pri:0, instance:testsuite.HtmlValidationProdURL@161479c6]" started-at="2021-06-18T10:35:15 IST" name="code" data-provider="excelData" finished-at="2021-06-18T10:35:19 IST" duration-ms="3882" status="PASS">
          <params>
            <param index="0">
              <value>
                <![CDATA[https://www.carandbike.com/honda-bikes]]>
              </value>
            </param>
          </params>
          <reporter-output>
          </reporter-output>
        </test-method> <!-- code -->
        <test-method signature="code(java.lang.String)[pri:0, instance:testsuite.HtmlValidationProdURL@161479c6]" started-at="2021-06-18T10:35:19 IST" name="code" data-provider="excelData" finished-at="2021-06-18T10:35:23 IST" duration-ms="3921" status="PASS">
          <params>
            <param index="0">
              <value>
                <![CDATA[https://www.carandbike.com/hero-bikes]]>
              </value>
            </param>
          </params>
          <reporter-output>
          </reporter-output>
        </test-method> <!-- code -->
        <test-method signature="code(java.lang.String)[pri:0, instance:testsuite.HtmlValidationProdURL@161479c6]" started-at="2021-06-18T10:35:23 IST" name="code" data-provider="excelData" finished-at="2021-06-18T10:35:27 IST" duration-ms="3883" status="PASS">
          <params>
            <param index="0">
              <value>
                <![CDATA[https://www.carandbike.com/yamaha-bikes]]>
              </value>
            </param>
          </params>
          <reporter-output>
          </reporter-output>
        </test-method> <!-- code -->
        <test-method signature="code(java.lang.String)[pri:0, instance:testsuite.HtmlValidationProdURL@161479c6]" started-at="2021-06-18T10:35:27 IST" name="code" data-provider="excelData" finished-at="2021-06-18T10:35:31 IST" duration-ms="3647" status="PASS">
          <params>
            <param index="0">
              <value>
                <![CDATA[https://www.carandbike.com/bajaj-bikes]]>
              </value>
            </param>
          </params>
          <reporter-output>
          </reporter-output>
        </test-method> <!-- code -->
        <test-method signature="code(java.lang.String)[pri:0, instance:testsuite.HtmlValidationProdURL@161479c6]" started-at="2021-06-18T10:35:31 IST" name="code" data-provider="excelData" finished-at="2021-06-18T10:35:34 IST" duration-ms="3593" status="PASS">
          <params>
            <param index="0">
              <value>
                <![CDATA[https://www.carandbike.com/tvs-bikes]]>
              </value>
            </param>
          </params>
          <reporter-output>
          </reporter-output>
        </test-method> <!-- code -->
        <test-method signature="code(java.lang.String)[pri:0, instance:testsuite.HtmlValidationProdURL@161479c6]" started-at="2021-06-18T10:35:34 IST" name="code" data-provider="excelData" finished-at="2021-06-18T10:35:38 IST" duration-ms="3865" status="PASS">
          <params>
            <param index="0">
              <value>
                <![CDATA[https://www.carandbike.com/suzuki-bikes]]>
              </value>
            </param>
          </params>
          <reporter-output>
          </reporter-output>
        </test-method> <!-- code -->
        <test-method signature="code(java.lang.String)[pri:0, instance:testsuite.HtmlValidationProdURL@161479c6]" started-at="2021-06-18T10:35:38 IST" name="code" data-provider="excelData" finished-at="2021-06-18T10:35:42 IST" duration-ms="3706" status="PASS">
          <params>
            <param index="0">
              <value>
                <![CDATA[https://www.carandbike.com/royal-enfield-bikes]]>
              </value>
            </param>
          </params>
          <reporter-output>
          </reporter-output>
        </test-method> <!-- code -->
        <test-method signature="code(java.lang.String)[pri:0, instance:testsuite.HtmlValidationProdURL@161479c6]" started-at="2021-06-18T10:35:42 IST" name="code" data-provider="excelData" finished-at="2021-06-18T10:35:46 IST" duration-ms="3715" status="PASS">
          <params>
            <param index="0">
              <value>
                <![CDATA[https://www.carandbike.com/kawasaki-bikes]]>
              </value>
            </param>
          </params>
          <reporter-output>
          </reporter-output>
        </test-method> <!-- code -->
        <test-method signature="code(java.lang.String)[pri:0, instance:testsuite.HtmlValidationProdURL@161479c6]" started-at="2021-06-18T10:35:46 IST" name="code" data-provider="excelData" finished-at="2021-06-18T10:35:50 IST" duration-ms="4179" status="PASS">
          <params>
            <param index="0">
              <value>
                <![CDATA[https://www.carandbike.com/ktm-bikes]]>
              </value>
            </param>
          </params>
          <reporter-output>
          </reporter-output>
        </test-method> <!-- code -->
        <test-method signature="code(java.lang.String)[pri:0, instance:testsuite.HtmlValidationProdURL@161479c6]" started-at="2021-06-18T10:35:50 IST" name="code" data-provider="excelData" finished-at="2021-06-18T10:35:53 IST" duration-ms="3586" status="PASS">
          <params>
            <param index="0">
              <value>
                <![CDATA[https://www.carandbike.com/jawa-bike]]>
              </value>
            </param>
          </params>
          <reporter-output>
          </reporter-output>
        </test-method> <!-- code -->
        <test-method is-config="true" signature="tdown()[pri:0, instance:testsuite.HtmlValidationProdURL@161479c6]" started-at="2021-06-18T10:35:53 IST" name="tdown" finished-at="2021-06-18T10:35:58 IST" duration-ms="4334" status="PASS">
          <reporter-output>
          </reporter-output>
        </test-method> <!-- tdown -->
      </class> <!-- testsuite.HtmlValidationProdURL -->
    </test> <!-- Default test -->
  </suite> <!-- Default suite -->
</testng-results>
